# Logfile created on 2014-01-19 00:39:41 +0800 by logger.rb/36483
I, [2014-01-19T00:39:41.848379 #5687]  INFO -- : 0:  rake (10.1.1) from /Users/jhih/.rvm/gems/ruby-2.0.0-p247/specifications/rake-10.1.1.gemspec
I, [2014-01-19T00:39:41.848755 #5687]  INFO -- : 0:  i18n (0.6.9) from /Users/jhih/.rvm/gems/ruby-2.0.0-p247/specifications/i18n-0.6.9.gemspec
I, [2014-01-19T00:39:41.848984 #5687]  INFO -- : 0:  minitest (4.7.5) from /Users/jhih/.rvm/gems/ruby-2.0.0-p247/specifications/minitest-4.7.5.gemspec
I, [2014-01-19T00:39:41.849232 #5687]  INFO -- : 0:  multi_json (1.8.4) from /Users/jhih/.rvm/gems/ruby-2.0.0-p247/specifications/multi_json-1.8.4.gemspec
I, [2014-01-19T00:39:41.849470 #5687]  INFO -- : 0:  atomic (1.1.14) from /Users/jhih/.rvm/gems/ruby-2.0.0-p247/specifications/atomic-1.1.14.gemspec
I, [2014-01-19T00:39:41.849697 #5687]  INFO -- : 0:  thread_safe (0.1.3) from /Users/jhih/.rvm/gems/ruby-2.0.0-p247/specifications/thread_safe-0.1.3.gemspec
I, [2014-01-19T00:39:41.849924 #5687]  INFO -- : 0:  tzinfo (0.3.38) from /Users/jhih/.rvm/gems/ruby-2.0.0-p247/specifications/tzinfo-0.3.38.gemspec
I, [2014-01-19T00:39:41.850141 #5687]  INFO -- : 0:  activesupport (4.0.2) from /Users/jhih/.rvm/gems/ruby-2.0.0-p247/specifications/activesupport-4.0.2.gemspec
I, [2014-01-19T00:39:41.850362 #5687]  INFO -- : 0:  builder (3.1.4) from /Users/jhih/.rvm/gems/ruby-2.0.0-p247/specifications/builder-3.1.4.gemspec
I, [2014-01-19T00:39:41.850583 #5687]  INFO -- : 0:  erubis (2.7.0) from /Users/jhih/.rvm/gems/ruby-2.0.0-p247/specifications/erubis-2.7.0.gemspec
I, [2014-01-19T00:39:41.850799 #5687]  INFO -- : 0:  rack (1.5.2) from /Users/jhih/.rvm/gems/ruby-2.0.0-p247/specifications/rack-1.5.2.gemspec
I, [2014-01-19T00:39:41.851018 #5687]  INFO -- : 0:  rack-test (0.6.2) from /Users/jhih/.rvm/gems/ruby-2.0.0-p247/specifications/rack-test-0.6.2.gemspec
I, [2014-01-19T00:39:41.851241 #5687]  INFO -- : 0:  actionpack (4.0.2) from /Users/jhih/.rvm/gems/ruby-2.0.0-p247/specifications/actionpack-4.0.2.gemspec
I, [2014-01-19T00:39:41.851451 #5687]  INFO -- : 0:  mime-types (1.25.1) from /Users/jhih/.rvm/gems/ruby-2.0.0-p247/specifications/mime-types-1.25.1.gemspec
I, [2014-01-19T00:39:41.851669 #5687]  INFO -- : 0:  polyglot (0.3.3) from /Users/jhih/.rvm/gems/ruby-2.0.0-p247/specifications/polyglot-0.3.3.gemspec
I, [2014-01-19T00:39:41.851885 #5687]  INFO -- : 0:  treetop (1.4.15) from /Users/jhih/.rvm/gems/ruby-2.0.0-p247/specifications/treetop-1.4.15.gemspec
I, [2014-01-19T00:39:41.852099 #5687]  INFO -- : 0:  mail (2.5.4) from /Users/jhih/.rvm/gems/ruby-2.0.0-p247/specifications/mail-2.5.4.gemspec
I, [2014-01-19T00:39:41.852321 #5687]  INFO -- : 0:  actionmailer (4.0.2) from /Users/jhih/.rvm/gems/ruby-2.0.0-p247/specifications/actionmailer-4.0.2.gemspec
I, [2014-01-19T00:39:41.852532 #5687]  INFO -- : 0:  activemodel (4.0.2) from /Users/jhih/.rvm/gems/ruby-2.0.0-p247/specifications/activemodel-4.0.2.gemspec
I, [2014-01-19T00:39:41.852751 #5687]  INFO -- : 0:  activerecord-deprecated_finders (1.0.3) from /Users/jhih/.rvm/gems/ruby-2.0.0-p247/specifications/activerecord-deprecated_finders-1.0.3.gemspec
I, [2014-01-19T00:39:41.852972 #5687]  INFO -- : 0:  arel (4.0.1) from /Users/jhih/.rvm/gems/ruby-2.0.0-p247/specifications/arel-4.0.1.gemspec
I, [2014-01-19T00:39:41.853195 #5687]  INFO -- : 0:  activerecord (4.0.2) from /Users/jhih/.rvm/gems/ruby-2.0.0-p247/specifications/activerecord-4.0.2.gemspec
I, [2014-01-19T00:39:41.853428 #5687]  INFO -- : 0:  bundler (1.5.0) from /Users/jhih/.rvm/gems/ruby-2.0.0-p247/specifications/bundler-1.5.0.gemspec
I, [2014-01-19T00:39:41.853637 #5687]  INFO -- : 0:  coffee-script-source (1.6.3) from /Users/jhih/.rvm/gems/ruby-2.0.0-p247/specifications/coffee-script-source-1.6.3.gemspec
I, [2014-01-19T00:39:41.853853 #5687]  INFO -- : 0:  execjs (2.0.2) from /Users/jhih/.rvm/gems/ruby-2.0.0-p247/specifications/execjs-2.0.2.gemspec
I, [2014-01-19T00:39:41.854074 #5687]  INFO -- : 0:  coffee-script (2.2.0) from /Users/jhih/.rvm/gems/ruby-2.0.0-p247/specifications/coffee-script-2.2.0.gemspec
I, [2014-01-19T00:39:41.854291 #5687]  INFO -- : 0:  thor (0.18.1) from /Users/jhih/.rvm/gems/ruby-2.0.0-p247/specifications/thor-0.18.1.gemspec
I, [2014-01-19T00:39:41.854529 #5687]  INFO -- : 0:  railties (4.0.2) from /Users/jhih/.rvm/gems/ruby-2.0.0-p247/specifications/railties-4.0.2.gemspec
I, [2014-01-19T00:39:41.854770 #5687]  INFO -- : 0:  coffee-rails (4.0.1) from /Users/jhih/.rvm/gems/ruby-2.0.0-p247/specifications/coffee-rails-4.0.1.gemspec
I, [2014-01-19T00:39:41.854975 #5687]  INFO -- : 0:  hike (1.2.3) from /Users/jhih/.rvm/gems/ruby-2.0.0-p247/specifications/hike-1.2.3.gemspec
I, [2014-01-19T00:39:41.855197 #5687]  INFO -- : 0:  jbuilder (1.5.3) from /Users/jhih/.rvm/gems/ruby-2.0.0-p247/specifications/jbuilder-1.5.3.gemspec
I, [2014-01-19T00:39:41.855419 #5687]  INFO -- : 0:  jquery-rails (3.0.4) from /Users/jhih/.rvm/gems/ruby-2.0.0-p247/specifications/jquery-rails-3.0.4.gemspec
I, [2014-01-19T00:39:41.855638 #5687]  INFO -- : 0:  json (1.8.1) from /Users/jhih/.rvm/gems/ruby-2.0.0-p247/specifications/json-1.8.1.gemspec
I, [2014-01-19T00:39:41.855862 #5687]  INFO -- : 0:  mysql2 (0.3.14) from /Users/jhih/.rvm/gems/ruby-2.0.0-p247/specifications/mysql2-0.3.14.gemspec
I, [2014-01-19T00:39:41.856070 #5687]  INFO -- : 0:  tilt (1.4.1) from /Users/jhih/.rvm/gems/ruby-2.0.0-p247/specifications/tilt-1.4.1.gemspec
I, [2014-01-19T00:39:41.856294 #5687]  INFO -- : 0:  sprockets (2.10.1) from /Users/jhih/.rvm/gems/ruby-2.0.0-p247/specifications/sprockets-2.10.1.gemspec
I, [2014-01-19T00:39:41.856517 #5687]  INFO -- : 0:  sprockets-rails (2.0.1) from /Users/jhih/.rvm/gems/ruby-2.0.0-p247/specifications/sprockets-rails-2.0.1.gemspec
I, [2014-01-19T00:39:41.856743 #5687]  INFO -- : 0:  rails (4.0.2) from /Users/jhih/.rvm/gems/ruby-2.0.0-p247/specifications/rails-4.0.2.gemspec
I, [2014-01-19T00:39:41.856962 #5687]  INFO -- : 0:  rdoc (4.1.1) from /Users/jhih/.rvm/gems/ruby-2.0.0-p247/specifications/rdoc-4.1.1.gemspec
I, [2014-01-19T00:39:41.857176 #5687]  INFO -- : 0:  sass (3.2.13) from /Users/jhih/.rvm/gems/ruby-2.0.0-p247/specifications/sass-3.2.13.gemspec
I, [2014-01-19T00:39:41.857389 #5687]  INFO -- : 0:  sass-rails (4.0.1) from /Users/jhih/.rvm/gems/ruby-2.0.0-p247/specifications/sass-rails-4.0.1.gemspec
I, [2014-01-19T00:39:41.857601 #5687]  INFO -- : 0:  sdoc (0.4.0) from /Users/jhih/.rvm/gems/ruby-2.0.0-p247/specifications/sdoc-0.4.0.gemspec
I, [2014-01-19T00:39:41.857823 #5687]  INFO -- : 0:  turbolinks (2.2.0) from /Users/jhih/.rvm/gems/ruby-2.0.0-p247/specifications/turbolinks-2.2.0.gemspec
I, [2014-01-19T00:39:41.858044 #5687]  INFO -- : 0:  uglifier (2.4.0) from /Users/jhih/.rvm/gems/ruby-2.0.0-p247/specifications/uglifier-2.4.0.gemspec
I, [2014-01-19T00:51:47.333272 #5942]  INFO -- : 0:  rake (10.1.1) from /Users/jhih/.rvm/gems/ruby-2.0.0-p247/specifications/rake-10.1.1.gemspec
I, [2014-01-19T00:51:47.333712 #5942]  INFO -- : 0:  i18n (0.6.9) from /Users/jhih/.rvm/gems/ruby-2.0.0-p247/specifications/i18n-0.6.9.gemspec
I, [2014-01-19T00:51:47.334077 #5942]  INFO -- : 0:  minitest (4.7.5) from /Users/jhih/.rvm/gems/ruby-2.0.0-p247/specifications/minitest-4.7.5.gemspec
I, [2014-01-19T00:51:47.334425 #5942]  INFO -- : 0:  multi_json (1.8.4) from /Users/jhih/.rvm/gems/ruby-2.0.0-p247/specifications/multi_json-1.8.4.gemspec
I, [2014-01-19T00:51:47.334730 #5942]  INFO -- : 0:  atomic (1.1.14) from /Users/jhih/.rvm/gems/ruby-2.0.0-p247/specifications/atomic-1.1.14.gemspec
I, [2014-01-19T00:51:47.335026 #5942]  INFO -- : 0:  thread_safe (0.1.3) from /Users/jhih/.rvm/gems/ruby-2.0.0-p247/specifications/thread_safe-0.1.3.gemspec
I, [2014-01-19T00:51:47.335318 #5942]  INFO -- : 0:  tzinfo (0.3.38) from /Users/jhih/.rvm/gems/ruby-2.0.0-p247/specifications/tzinfo-0.3.38.gemspec
I, [2014-01-19T00:51:47.335618 #5942]  INFO -- : 0:  activesupport (4.0.2) from /Users/jhih/.rvm/gems/ruby-2.0.0-p247/specifications/activesupport-4.0.2.gemspec
I, [2014-01-19T00:51:47.335906 #5942]  INFO -- : 0:  builder (3.1.4) from /Users/jhih/.rvm/gems/ruby-2.0.0-p247/specifications/builder-3.1.4.gemspec
I, [2014-01-19T00:51:47.336196 #5942]  INFO -- : 0:  erubis (2.7.0) from /Users/jhih/.rvm/gems/ruby-2.0.0-p247/specifications/erubis-2.7.0.gemspec
I, [2014-01-19T00:51:47.336495 #5942]  INFO -- : 0:  rack (1.5.2) from /Users/jhih/.rvm/gems/ruby-2.0.0-p247/specifications/rack-1.5.2.gemspec
I, [2014-01-19T00:51:47.336787 #5942]  INFO -- : 0:  rack-test (0.6.2) from /Users/jhih/.rvm/gems/ruby-2.0.0-p247/specifications/rack-test-0.6.2.gemspec
I, [2014-01-19T00:51:47.337060 #5942]  INFO -- : 0:  actionpack (4.0.2) from /Users/jhih/.rvm/gems/ruby-2.0.0-p247/specifications/actionpack-4.0.2.gemspec
I, [2014-01-19T00:51:47.337339 #5942]  INFO -- : 0:  mime-types (1.25.1) from /Users/jhih/.rvm/gems/ruby-2.0.0-p247/specifications/mime-types-1.25.1.gemspec
I, [2014-01-19T00:51:47.337618 #5942]  INFO -- : 0:  polyglot (0.3.3) from /Users/jhih/.rvm/gems/ruby-2.0.0-p247/specifications/polyglot-0.3.3.gemspec
I, [2014-01-19T00:51:47.337892 #5942]  INFO -- : 0:  treetop (1.4.15) from /Users/jhih/.rvm/gems/ruby-2.0.0-p247/specifications/treetop-1.4.15.gemspec
I, [2014-01-19T00:51:47.338162 #5942]  INFO -- : 0:  mail (2.5.4) from /Users/jhih/.rvm/gems/ruby-2.0.0-p247/specifications/mail-2.5.4.gemspec
I, [2014-01-19T00:51:47.338451 #5942]  INFO -- : 0:  actionmailer (4.0.2) from /Users/jhih/.rvm/gems/ruby-2.0.0-p247/specifications/actionmailer-4.0.2.gemspec
I, [2014-01-19T00:51:47.338720 #5942]  INFO -- : 0:  activemodel (4.0.2) from /Users/jhih/.rvm/gems/ruby-2.0.0-p247/specifications/activemodel-4.0.2.gemspec
I, [2014-01-19T00:51:47.339006 #5942]  INFO -- : 0:  activerecord-deprecated_finders (1.0.3) from /Users/jhih/.rvm/gems/ruby-2.0.0-p247/specifications/activerecord-deprecated_finders-1.0.3.gemspec
I, [2014-01-19T00:51:47.339287 #5942]  INFO -- : 0:  arel (4.0.1) from /Users/jhih/.rvm/gems/ruby-2.0.0-p247/specifications/arel-4.0.1.gemspec
I, [2014-01-19T00:51:47.339571 #5942]  INFO -- : 0:  activerecord (4.0.2) from /Users/jhih/.rvm/gems/ruby-2.0.0-p247/specifications/activerecord-4.0.2.gemspec
I, [2014-01-19T00:51:47.339851 #5942]  INFO -- : 0:  sass (3.2.13) from /Users/jhih/.rvm/gems/ruby-2.0.0-p247/specifications/sass-3.2.13.gemspec
I, [2014-01-19T00:51:47.340121 #5942]  INFO -- : 0:  bootstrap-sass (3.0.3.0) from /Users/jhih/.rvm/gems/ruby-2.0.0-p247/specifications/bootstrap-sass-3.0.3.0.gemspec
I, [2014-01-19T00:51:47.340393 #5942]  INFO -- : 0:  bundler (1.5.0) from /Users/jhih/.rvm/gems/ruby-2.0.0-p247/specifications/bundler-1.5.0.gemspec
I, [2014-01-19T00:51:47.340663 #5942]  INFO -- : 0:  coffee-script-source (1.6.3) from /Users/jhih/.rvm/gems/ruby-2.0.0-p247/specifications/coffee-script-source-1.6.3.gemspec
I, [2014-01-19T00:51:47.340947 #5942]  INFO -- : 0:  execjs (2.0.2) from /Users/jhih/.rvm/gems/ruby-2.0.0-p247/specifications/execjs-2.0.2.gemspec
I, [2014-01-19T00:51:47.341216 #5942]  INFO -- : 0:  coffee-script (2.2.0) from /Users/jhih/.rvm/gems/ruby-2.0.0-p247/specifications/coffee-script-2.2.0.gemspec
I, [2014-01-19T00:51:47.341498 #5942]  INFO -- : 0:  thor (0.18.1) from /Users/jhih/.rvm/gems/ruby-2.0.0-p247/specifications/thor-0.18.1.gemspec
I, [2014-01-19T00:51:47.341764 #5942]  INFO -- : 0:  railties (4.0.2) from /Users/jhih/.rvm/gems/ruby-2.0.0-p247/specifications/railties-4.0.2.gemspec
I, [2014-01-19T00:51:47.342029 #5942]  INFO -- : 0:  coffee-rails (4.0.1) from /Users/jhih/.rvm/gems/ruby-2.0.0-p247/specifications/coffee-rails-4.0.1.gemspec
I, [2014-01-19T00:51:47.342305 #5942]  INFO -- : 0:  multipart-post (2.0.0) from /Users/jhih/.rvm/gems/ruby-2.0.0-p247/specifications/multipart-post-2.0.0.gemspec
I, [2014-01-19T00:51:47.342586 #5942]  INFO -- : 0:  faraday (0.9.0) from /Users/jhih/.rvm/gems/ruby-2.0.0-p247/specifications/faraday-0.9.0.gemspec
I, [2014-01-19T00:51:47.342858 #5942]  INFO -- : 0:  hashie (2.0.5) from /Users/jhih/.rvm/gems/ruby-2.0.0-p247/specifications/hashie-2.0.5.gemspec
I, [2014-01-19T00:51:47.343143 #5942]  INFO -- : 0:  hike (1.2.3) from /Users/jhih/.rvm/gems/ruby-2.0.0-p247/specifications/hike-1.2.3.gemspec
I, [2014-01-19T00:51:47.343467 #5942]  INFO -- : 0:  jbuilder (1.5.3) from /Users/jhih/.rvm/gems/ruby-2.0.0-p247/specifications/jbuilder-1.5.3.gemspec
I, [2014-01-19T00:51:47.343804 #5942]  INFO -- : 0:  jquery-rails (3.0.4) from /Users/jhih/.rvm/gems/ruby-2.0.0-p247/specifications/jquery-rails-3.0.4.gemspec
I, [2014-01-19T00:51:47.344099 #5942]  INFO -- : 0:  json (1.8.1) from /Users/jhih/.rvm/gems/ruby-2.0.0-p247/specifications/json-1.8.1.gemspec
I, [2014-01-19T00:51:47.344399 #5942]  INFO -- : 0:  jwt (0.1.10) from /Users/jhih/.rvm/gems/ruby-2.0.0-p247/specifications/jwt-0.1.10.gemspec
I, [2014-01-19T00:51:47.344683 #5942]  INFO -- : 0:  multi_xml (0.5.5) from /Users/jhih/.rvm/gems/ruby-2.0.0-p247/specifications/multi_xml-0.5.5.gemspec
I, [2014-01-19T00:51:47.344997 #5942]  INFO -- : 0:  mysql2 (0.3.14) from /Users/jhih/.rvm/gems/ruby-2.0.0-p247/specifications/mysql2-0.3.14.gemspec
I, [2014-01-19T00:51:47.345290 #5942]  INFO -- : 0:  oauth2 (0.9.3) from /Users/jhih/.rvm/gems/ruby-2.0.0-p247/specifications/oauth2-0.9.3.gemspec
I, [2014-01-19T00:51:47.345621 #5942]  INFO -- : 0:  omniauth (1.2.1) from /Users/jhih/.rvm/gems/ruby-2.0.0-p247/specifications/omniauth-1.2.1.gemspec
I, [2014-01-19T00:51:47.345881 #5942]  INFO -- : 0:  omniauth-oauth2 (1.1.2) from /Users/jhih/.rvm/gems/ruby-2.0.0-p247/specifications/omniauth-oauth2-1.1.2.gemspec
I, [2014-01-19T00:51:47.346199 #5942]  INFO -- : 0:  omniauth-facebook (1.6.0) from /Users/jhih/.rvm/gems/ruby-2.0.0-p247/specifications/omniauth-facebook-1.6.0.gemspec
I, [2014-01-19T00:51:47.346489 #5942]  INFO -- : 0:  tilt (1.4.1) from /Users/jhih/.rvm/gems/ruby-2.0.0-p247/specifications/tilt-1.4.1.gemspec
I, [2014-01-19T00:51:47.346786 #5942]  INFO -- : 0:  sprockets (2.10.1) from /Users/jhih/.rvm/gems/ruby-2.0.0-p247/specifications/sprockets-2.10.1.gemspec
I, [2014-01-19T00:51:47.347090 #5942]  INFO -- : 0:  sprockets-rails (2.0.1) from /Users/jhih/.rvm/gems/ruby-2.0.0-p247/specifications/sprockets-rails-2.0.1.gemspec
I, [2014-01-19T00:51:47.347383 #5942]  INFO -- : 0:  rails (4.0.2) from /Users/jhih/.rvm/gems/ruby-2.0.0-p247/specifications/rails-4.0.2.gemspec
I, [2014-01-19T00:51:47.347639 #5942]  INFO -- : 0:  rdoc (4.1.1) from /Users/jhih/.rvm/gems/ruby-2.0.0-p247/specifications/rdoc-4.1.1.gemspec
I, [2014-01-19T00:51:47.347959 #5942]  INFO -- : 0:  sass-rails (4.0.1) from /Users/jhih/.rvm/gems/ruby-2.0.0-p247/specifications/sass-rails-4.0.1.gemspec
I, [2014-01-19T00:51:47.348269 #5942]  INFO -- : 0:  sdoc (0.4.0) from /Users/jhih/.rvm/gems/ruby-2.0.0-p247/specifications/sdoc-0.4.0.gemspec
I, [2014-01-19T00:51:47.348577 #5942]  INFO -- : 0:  simple_form (3.0.1) from /Users/jhih/.rvm/gems/ruby-2.0.0-p247/specifications/simple_form-3.0.1.gemspec
I, [2014-01-19T00:51:47.348871 #5942]  INFO -- : 0:  turbolinks (2.2.0) from /Users/jhih/.rvm/gems/ruby-2.0.0-p247/specifications/turbolinks-2.2.0.gemspec
I, [2014-01-19T00:51:47.349176 #5942]  INFO -- : 0:  uglifier (2.4.0) from /Users/jhih/.rvm/gems/ruby-2.0.0-p247/specifications/uglifier-2.4.0.gemspec
I, [2014-01-19T00:52:48.133115 #5954]  INFO -- : 0:  rake (10.1.1) from /Users/jhih/.rvm/gems/ruby-2.0.0-p247/specifications/rake-10.1.1.gemspec
I, [2014-01-19T00:52:48.133525 #5954]  INFO -- : 0:  i18n (0.6.9) from /Users/jhih/.rvm/gems/ruby-2.0.0-p247/specifications/i18n-0.6.9.gemspec
I, [2014-01-19T00:52:48.133800 #5954]  INFO -- : 0:  minitest (4.7.5) from /Users/jhih/.rvm/gems/ruby-2.0.0-p247/specifications/minitest-4.7.5.gemspec
I, [2014-01-19T00:52:48.134076 #5954]  INFO -- : 0:  multi_json (1.8.4) from /Users/jhih/.rvm/gems/ruby-2.0.0-p247/specifications/multi_json-1.8.4.gemspec
I, [2014-01-19T00:52:48.134332 #5954]  INFO -- : 0:  atomic (1.1.14) from /Users/jhih/.rvm/gems/ruby-2.0.0-p247/specifications/atomic-1.1.14.gemspec
I, [2014-01-19T00:52:48.134550 #5954]  INFO -- : 0:  thread_safe (0.1.3) from /Users/jhih/.rvm/gems/ruby-2.0.0-p247/specifications/thread_safe-0.1.3.gemspec
I, [2014-01-19T00:52:48.134800 #5954]  INFO -- : 0:  tzinfo (0.3.38) from /Users/jhih/.rvm/gems/ruby-2.0.0-p247/specifications/tzinfo-0.3.38.gemspec
I, [2014-01-19T00:52:48.135047 #5954]  INFO -- : 0:  activesupport (4.0.2) from /Users/jhih/.rvm/gems/ruby-2.0.0-p247/specifications/activesupport-4.0.2.gemspec
I, [2014-01-19T00:52:48.135649 #5954]  INFO -- : 0:  builder (3.1.4) from /Users/jhih/.rvm/gems/ruby-2.0.0-p247/specifications/builder-3.1.4.gemspec
I, [2014-01-19T00:52:48.135896 #5954]  INFO -- : 0:  erubis (2.7.0) from /Users/jhih/.rvm/gems/ruby-2.0.0-p247/specifications/erubis-2.7.0.gemspec
I, [2014-01-19T00:52:48.136154 #5954]  INFO -- : 0:  rack (1.5.2) from /Users/jhih/.rvm/gems/ruby-2.0.0-p247/specifications/rack-1.5.2.gemspec
I, [2014-01-19T00:52:48.136367 #5954]  INFO -- : 0:  rack-test (0.6.2) from /Users/jhih/.rvm/gems/ruby-2.0.0-p247/specifications/rack-test-0.6.2.gemspec
I, [2014-01-19T00:52:48.136668 #5954]  INFO -- : 0:  actionpack (4.0.2) from /Users/jhih/.rvm/gems/ruby-2.0.0-p247/specifications/actionpack-4.0.2.gemspec
I, [2014-01-19T00:52:48.136918 #5954]  INFO -- : 0:  mime-types (1.25.1) from /Users/jhih/.rvm/gems/ruby-2.0.0-p247/specifications/mime-types-1.25.1.gemspec
I, [2014-01-19T00:52:48.137152 #5954]  INFO -- : 0:  polyglot (0.3.3) from /Users/jhih/.rvm/gems/ruby-2.0.0-p247/specifications/polyglot-0.3.3.gemspec
I, [2014-01-19T00:52:48.137390 #5954]  INFO -- : 0:  treetop (1.4.15) from /Users/jhih/.rvm/gems/ruby-2.0.0-p247/specifications/treetop-1.4.15.gemspec
I, [2014-01-19T00:52:48.137626 #5954]  INFO -- : 0:  mail (2.5.4) from /Users/jhih/.rvm/gems/ruby-2.0.0-p247/specifications/mail-2.5.4.gemspec
I, [2014-01-19T00:52:48.137840 #5954]  INFO -- : 0:  actionmailer (4.0.2) from /Users/jhih/.rvm/gems/ruby-2.0.0-p247/specifications/actionmailer-4.0.2.gemspec
I, [2014-01-19T00:52:48.138074 #5954]  INFO -- : 0:  activemodel (4.0.2) from /Users/jhih/.rvm/gems/ruby-2.0.0-p247/specifications/activemodel-4.0.2.gemspec
I, [2014-01-19T00:52:48.138318 #5954]  INFO -- : 0:  activerecord-deprecated_finders (1.0.3) from /Users/jhih/.rvm/gems/ruby-2.0.0-p247/specifications/activerecord-deprecated_finders-1.0.3.gemspec
I, [2014-01-19T00:52:48.138558 #5954]  INFO -- : 0:  arel (4.0.1) from /Users/jhih/.rvm/gems/ruby-2.0.0-p247/specifications/arel-4.0.1.gemspec
I, [2014-01-19T00:52:48.138800 #5954]  INFO -- : 0:  activerecord (4.0.2) from /Users/jhih/.rvm/gems/ruby-2.0.0-p247/specifications/activerecord-4.0.2.gemspec
I, [2014-01-19T00:52:48.139046 #5954]  INFO -- : 0:  sass (3.2.13) from /Users/jhih/.rvm/gems/ruby-2.0.0-p247/specifications/sass-3.2.13.gemspec
I, [2014-01-19T00:52:48.139259 #5954]  INFO -- : 0:  bootstrap-sass (3.0.3.0) from /Users/jhih/.rvm/gems/ruby-2.0.0-p247/specifications/bootstrap-sass-3.0.3.0.gemspec
I, [2014-01-19T00:52:48.139486 #5954]  INFO -- : 0:  bundler (1.5.0) from /Users/jhih/.rvm/gems/ruby-2.0.0-p247/specifications/bundler-1.5.0.gemspec
I, [2014-01-19T00:52:48.139720 #5954]  INFO -- : 0:  coffee-script-source (1.6.3) from /Users/jhih/.rvm/gems/ruby-2.0.0-p247/specifications/coffee-script-source-1.6.3.gemspec
I, [2014-01-19T00:52:48.139956 #5954]  INFO -- : 0:  execjs (2.0.2) from /Users/jhih/.rvm/gems/ruby-2.0.0-p247/specifications/execjs-2.0.2.gemspec
I, [2014-01-19T00:52:48.140191 #5954]  INFO -- : 0:  coffee-script (2.2.0) from /Users/jhih/.rvm/gems/ruby-2.0.0-p247/specifications/coffee-script-2.2.0.gemspec
I, [2014-01-19T00:52:48.140429 #5954]  INFO -- : 0:  thor (0.18.1) from /Users/jhih/.rvm/gems/ruby-2.0.0-p247/specifications/thor-0.18.1.gemspec
I, [2014-01-19T00:52:48.140675 #5954]  INFO -- : 0:  railties (4.0.2) from /Users/jhih/.rvm/gems/ruby-2.0.0-p247/specifications/railties-4.0.2.gemspec
I, [2014-01-19T00:52:48.140888 #5954]  INFO -- : 0:  coffee-rails (4.0.1) from /Users/jhih/.rvm/gems/ruby-2.0.0-p247/specifications/coffee-rails-4.0.1.gemspec
I, [2014-01-19T00:52:48.141128 #5954]  INFO -- : 0:  multipart-post (2.0.0) from /Users/jhih/.rvm/gems/ruby-2.0.0-p247/specifications/multipart-post-2.0.0.gemspec
I, [2014-01-19T00:52:48.141370 #5954]  INFO -- : 0:  faraday (0.9.0) from /Users/jhih/.rvm/gems/ruby-2.0.0-p247/specifications/faraday-0.9.0.gemspec
I, [2014-01-19T00:52:48.141706 #5954]  INFO -- : 0:  hashie (2.0.5) from /Users/jhih/.rvm/gems/ruby-2.0.0-p247/specifications/hashie-2.0.5.gemspec
I, [2014-01-19T00:52:48.142062 #5954]  INFO -- : 0:  hike (1.2.3) from /Users/jhih/.rvm/gems/ruby-2.0.0-p247/specifications/hike-1.2.3.gemspec
I, [2014-01-19T00:52:48.142344 #5954]  INFO -- : 0:  jbuilder (1.5.3) from /Users/jhih/.rvm/gems/ruby-2.0.0-p247/specifications/jbuilder-1.5.3.gemspec
I, [2014-01-19T00:52:48.142556 #5954]  INFO -- : 0:  jquery-rails (3.0.4) from /Users/jhih/.rvm/gems/ruby-2.0.0-p247/specifications/jquery-rails-3.0.4.gemspec
I, [2014-01-19T00:52:48.142793 #5954]  INFO -- : 0:  json (1.8.1) from /Users/jhih/.rvm/gems/ruby-2.0.0-p247/specifications/json-1.8.1.gemspec
I, [2014-01-19T00:52:48.143031 #5954]  INFO -- : 0:  jwt (0.1.10) from /Users/jhih/.rvm/gems/ruby-2.0.0-p247/specifications/jwt-0.1.10.gemspec
I, [2014-01-19T00:52:48.143266 #5954]  INFO -- : 0:  multi_xml (0.5.5) from /Users/jhih/.rvm/gems/ruby-2.0.0-p247/specifications/multi_xml-0.5.5.gemspec
I, [2014-01-19T00:52:48.143498 #5954]  INFO -- : 0:  mysql2 (0.3.14) from /Users/jhih/.rvm/gems/ruby-2.0.0-p247/specifications/mysql2-0.3.14.gemspec
I, [2014-01-19T00:52:48.143734 #5954]  INFO -- : 0:  oauth2 (0.9.3) from /Users/jhih/.rvm/gems/ruby-2.0.0-p247/specifications/oauth2-0.9.3.gemspec
I, [2014-01-19T00:52:48.143971 #5954]  INFO -- : 0:  omniauth (1.2.1) from /Users/jhih/.rvm/gems/ruby-2.0.0-p247/specifications/omniauth-1.2.1.gemspec
I, [2014-01-19T00:52:48.144188 #5954]  INFO -- : 0:  omniauth-oauth2 (1.1.2) from /Users/jhih/.rvm/gems/ruby-2.0.0-p247/specifications/omniauth-oauth2-1.1.2.gemspec
I, [2014-01-19T00:52:48.144432 #5954]  INFO -- : 0:  omniauth-facebook (1.6.0) from /Users/jhih/.rvm/gems/ruby-2.0.0-p247/specifications/omniauth-facebook-1.6.0.gemspec
I, [2014-01-19T00:52:48.144664 #5954]  INFO -- : 0:  tilt (1.4.1) from /Users/jhih/.rvm/gems/ruby-2.0.0-p247/specifications/tilt-1.4.1.gemspec
I, [2014-01-19T00:52:48.144903 #5954]  INFO -- : 0:  sprockets (2.10.1) from /Users/jhih/.rvm/gems/ruby-2.0.0-p247/specifications/sprockets-2.10.1.gemspec
I, [2014-01-19T00:52:48.145145 #5954]  INFO -- : 0:  sprockets-rails (2.0.1) from /Users/jhih/.rvm/gems/ruby-2.0.0-p247/specifications/sprockets-rails-2.0.1.gemspec
I, [2014-01-19T00:52:48.145390 #5954]  INFO -- : 0:  rails (4.0.2) from /Users/jhih/.rvm/gems/ruby-2.0.0-p247/specifications/rails-4.0.2.gemspec
I, [2014-01-19T00:52:48.145603 #5954]  INFO -- : 0:  rdoc (4.1.1) from /Users/jhih/.rvm/gems/ruby-2.0.0-p247/specifications/rdoc-4.1.1.gemspec
I, [2014-01-19T00:52:48.145841 #5954]  INFO -- : 0:  sass-rails (4.0.1) from /Users/jhih/.rvm/gems/ruby-2.0.0-p247/specifications/sass-rails-4.0.1.gemspec
I, [2014-01-19T00:52:48.146074 #5954]  INFO -- : 0:  sdoc (0.4.0) from /Users/jhih/.rvm/gems/ruby-2.0.0-p247/specifications/sdoc-0.4.0.gemspec
I, [2014-01-19T00:52:48.146304 #5954]  INFO -- : 0:  settingslogic (2.0.9) from /Users/jhih/.rvm/gems/ruby-2.0.0-p247/specifications/settingslogic-2.0.9.gemspec
I, [2014-01-19T00:52:48.146537 #5954]  INFO -- : 0:  simple_form (3.0.1) from /Users/jhih/.rvm/gems/ruby-2.0.0-p247/specifications/simple_form-3.0.1.gemspec
I, [2014-01-19T00:52:48.146774 #5954]  INFO -- : 0:  turbolinks (2.2.0) from /Users/jhih/.rvm/gems/ruby-2.0.0-p247/specifications/turbolinks-2.2.0.gemspec
I, [2014-01-19T00:52:48.147011 #5954]  INFO -- : 0:  uglifier (2.4.0) from /Users/jhih/.rvm/gems/ruby-2.0.0-p247/specifications/uglifier-2.4.0.gemspec
